-------------------------------------------------------------------------------
Test set: com.duckbill.cine_list.CineListApplicationTests
-------------------------------------------------------------------------------
Tests run: 1, Failures: 0, Errors: 1, Skipped: 0, Time elapsed: 0.624 s <<< FAILURE! - in com.duckbill.cine_list.CineListApplicationTests
com.duckbill.cine_list.CineListApplicationTests.contextLoads  Time elapsed: 0.005 s  <<< ERROR!
java.lang.IllegalStateException: Failed to load ApplicationContext for [WebMergedContextConfiguration@2bc426f0 testClass = com.duckbill.cine_list.CineListApplicationTests, locations = [], classes = [com.duckbill.cine_list.CineListApplication], contextInitializerClasses = [], activeProfiles = [], propertySourceDescriptors = [], propertySourceProperties = ["org.springframework.boot.test.context.SpringBootTestContextBootstrapper=true"], contextCustomizers = [org.springframework.boot.test.context.filter.ExcludeFilterContextCustomizer@7d64e326, org.springframework.boot.test.json.DuplicateJsonObjectContextCustomizerFactory$DuplicateJsonObjectContextCustomizer@6b8d96d9, org.springframework.boot.test.mock.mockito.MockitoContextCustomizer@0, org.springframework.boot.test.web.client.TestRestTemplateContextCustomizer@604f2bd2, org.springframework.boot.test.web.reactor.netty.DisableReactorResourceFactoryGlobalResourcesContextCustomizerFactory$DisableReactorResourceFactoryGlobalResourcesContextCustomizerCustomizer@6ee660fb, org.springframework.boot.test.autoconfigure.OnFailureConditionReportContextCustomizerFactory$OnFailureConditionReportContextCustomizer@1ecee32c, org.springframework.boot.test.autoconfigure.actuate.observability.ObservabilityContextCustomizerFactory$DisableObservabilityContextCustomizer@1f, org.springframework.boot.test.autoconfigure.properties.PropertyMappingContextCustomizer@0, org.springframework.boot.test.autoconfigure.web.servlet.WebDriverContextCustomizer@5aac4250, org.springframework.boot.test.context.SpringBootTestAnnotation@415a17a9], resourceBasePath = "src/main/webapp", contextLoader = org.springframework.boot.test.context.SpringBootContextLoader, parent = null]
Caused by: org.springframework.beans.factory.BeanDefinitionStoreException: Failed to process import candidates for configuration class [com.duckbill.cine_list.CineListApplication]: Error processing condition on org.springframework.boot.autoconfigure.mail.MailSenderAutoConfiguration
Caused by: java.lang.IllegalStateException: Error processing condition on org.springframework.boot.autoconfigure.mail.MailSenderAutoConfiguration
Caused by: java.lang.IllegalArgumentException: Could not resolve placeholder 'SPRING_MAIL_HOST' in value "${SPRING_MAIL_HOST}"

