-------------------------------------------------------------------------------
Test set: com.duckbill.cine_list.service.UsuarioServiceTest
-------------------------------------------------------------------------------
Tests run: 2, Failures: 0, Errors: 2, Skipped: 0, Time elapsed: 0.297 s <<< FAILURE! - in com.duckbill.cine_list.service.UsuarioServiceTest
com.duckbill.cine_list.service.UsuarioServiceTest.testGetById  Time elapsed: 0.001 s  <<< ERROR!
java.lang.IllegalStateException: Failed to load ApplicationContext for [WebMergedContextConfiguration@230383a7 testClass = com.duckbill.cine_list.service.UsuarioServiceTest, locations = [], classes = [com.duckbill.cine_list.CineListApplication], contextInitializerClasses = [], activeProfiles = ["test"], propertySourceDescriptors = [], propertySourceProperties = ["org.springframework.boot.test.context.SpringBootTestContextBootstrapper=true"], contextCustomizers = [org.springframework.boot.test.context.filter.ExcludeFilterContextCustomizer@4758820d, org.springframework.boot.test.json.DuplicateJsonObjectContextCustomizerFactory$DuplicateJsonObjectContextCustomizer@5629510, org.springframework.boot.test.mock.mockito.MockitoContextCustomizer@e2b88f52, org.springframework.boot.test.web.client.TestRestTemplateContextCustomizer@495b0487, org.springframework.boot.test.web.reactor.netty.DisableReactorResourceFactoryGlobalResourcesContextCustomizerFactory$DisableReactorResourceFactoryGlobalResourcesContextCustomizerCustomizer@6fe1b4fb, org.springframework.boot.test.autoconfigure.OnFailureConditionReportContextCustomizerFactory$OnFailureConditionReportContextCustomizer@6399551e, org.springframework.boot.test.autoconfigure.actuate.observability.ObservabilityContextCustomizerFactory$DisableObservabilityContextCustomizer@1f, org.springframework.boot.test.autoconfigure.properties.PropertyMappingContextCustomizer@0, org.springframework.boot.test.autoconfigure.web.servlet.WebDriverContextCustomizer@604f2bd2, org.springframework.boot.test.context.SpringBootTestAnnotation@72fec9ff], resourceBasePath = "src/main/webapp", contextLoader = org.springframework.boot.test.context.SpringBootContextLoader, parent = null]
Caused by: org.springframework.beans.factory.UnsatisfiedDependencyException: Error creating bean with name 'authController' defined in file [/Users/katerinewitkoski/Documents/cineList/target/classes/com/duckbill/cine_list/controller/AuthController.class]: Unsatisfied dependency expressed through constructor parameter 1: Error creating bean with name 'securityConfig': Unsatisfied dependency expressed through field 'securityFilter': Error creating bean with name 'securityFilter': Unsatisfied dependency expressed through field 'tokenService': Error creating bean with name 'tokenService': Injection of autowired dependencies failed
Caused by: org.springframework.beans.factory.UnsatisfiedDependencyException: Error creating bean with name 'securityConfig': Unsatisfied dependency expressed through field 'securityFilter': Error creating bean with name 'securityFilter': Unsatisfied dependency expressed through field 'tokenService': Error creating bean with name 'tokenService': Injection of autowired dependencies failed
Caused by: org.springframework.beans.factory.UnsatisfiedDependencyException: Error creating bean with name 'securityFilter': Unsatisfied dependency expressed through field 'tokenService': Error creating bean with name 'tokenService': Injection of autowired dependencies failed
Caused by: org.springframework.beans.factory.BeanCreationException: Error creating bean with name 'tokenService': Injection of autowired dependencies failed
Caused by: java.lang.IllegalArgumentException: Could not resolve placeholder 'API_SECURITY_TOKEN_SECRET' in value "${API_SECURITY_TOKEN_SECRET}"

com.duckbill.cine_list.service.UsuarioServiceTest.testCreateUsuarioWithInvalidCpf  Time elapsed: 0.001 s  <<< ERROR!
java.lang.IllegalStateException: ApplicationContext failure threshold (1) exceeded: skipping repeated attempt to load context for [WebMergedContextConfiguration@230383a7 testClass = com.duckbill.cine_list.service.UsuarioServiceTest, locations = [], classes = [com.duckbill.cine_list.CineListApplication], contextInitializerClasses = [], activeProfiles = ["test"], propertySourceDescriptors = [], propertySourceProperties = ["org.springframework.boot.test.context.SpringBootTestContextBootstrapper=true"], contextCustomizers = [org.springframework.boot.test.context.filter.ExcludeFilterContextCustomizer@4758820d, org.springframework.boot.test.json.DuplicateJsonObjectContextCustomizerFactory$DuplicateJsonObjectContextCustomizer@5629510, org.springframework.boot.test.mock.mockito.MockitoContextCustomizer@e2b88f52, org.springframework.boot.test.web.client.TestRestTemplateContextCustomizer@495b0487, org.springframework.boot.test.web.reactor.netty.DisableReactorResourceFactoryGlobalResourcesContextCustomizerFactory$DisableReactorResourceFactoryGlobalResourcesContextCustomizerCustomizer@6fe1b4fb, org.springframework.boot.test.autoconfigure.OnFailureConditionReportContextCustomizerFactory$OnFailureConditionReportContextCustomizer@6399551e, org.springframework.boot.test.autoconfigure.actuate.observability.ObservabilityContextCustomizerFactory$DisableObservabilityContextCustomizer@1f, org.springframework.boot.test.autoconfigure.properties.PropertyMappingContextCustomizer@0, org.springframework.boot.test.autoconfigure.web.servlet.WebDriverContextCustomizer@604f2bd2, org.springframework.boot.test.context.SpringBootTestAnnotation@72fec9ff], resourceBasePath = "src/main/webapp", contextLoader = org.springframework.boot.test.context.SpringBootContextLoader, parent = null]

